# JRE version: Java(TM) SE Runtime Environment (8.0_321-b07) (build 1.8.0_321-b07)
# Java VM: Java HotSpot(TM) 64-Bit Server VM (25.321-b07 mixed mode windows-amd64 compressed oops)
Heap:
 PSYoungGen      total 37888K, used 5650K [0x00000000d6200000, 0x00000000d8c00000, 0x0000000100000000)
  eden space 32768K, 1% used [0x00000000d6200000,0x00000000d62a2878,0x00000000d8200000)
  from space 5120K, 97% used [0x00000000d8700000,0x00000000d8be2140,0x00000000d8c00000)
  to   space 5120K, 0% used [0x00000000d8200000,0x00000000d8200000,0x00000000d8700000)
 ParOldGen       total 50176K, used 4016K [0x0000000082600000, 0x0000000085700000, 0x00000000d6200000)
  object space 50176K, 8% used [0x0000000082600000,0x00000000829ec2d0,0x0000000085700000)
 Metaspace       used 15645K, capacity 15926K, committed 16128K, reserved 1064960K
  class space    used 1891K, capacity 2008K, committed 2048K, reserved 1048576K
GC Heap History (10 events):
Event: 1.312 GC heap before
{Heap before GC invocations=1 (full 0):
 PSYoungGen      total 37888K, used 32768K [0x00000000d6200000, 0x00000000d8c00000, 0x0000000100000000)
  eden space 32768K, 100% used [0x00000000d6200000,0x00000000d8200000,0x00000000d8200000)
  from space 5120K, 0% used [0x00000000d8700000,0x00000000d8700000,0x00000000d8c00000)
  to   space 5120K, 0% used [0x00000000d8200000,0x00000000d8200000,0x00000000d8700000)
 ParOldGen       total 86016K, used 0K [0x0000000082600000, 0x0000000087a00000, 0x00000000d6200000)
  object space 86016K, 0% used [0x0000000082600000,0x0000000082600000,0x0000000087a00000)
 Metaspace       used 8885K, capacity 9020K, committed 9088K, reserved 1056768K
  class space    used 1059K, capacity 1112K, committed 1152K, reserved 1048576K
Event: 1.318 GC heap after
Heap after GC invocations=1 (full 0):
 PSYoungGen      total 37888K, used 5089K [0x00000000d6200000, 0x00000000d8c00000, 0x0000000100000000)
  eden space 32768K, 0% used [0x00000000d6200000,0x00000000d6200000,0x00000000d8200000)
  from space 5120K, 99% used [0x00000000d8200000,0x00000000d86f8640,0x00000000d8700000)
  to   space 5120K, 0% used [0x00000000d8700000,0x00000000d8700000,0x00000000d8c00000)
 ParOldGen       total 86016K, used 340K [0x0000000082600000, 0x0000000087a00000, 0x00000000d6200000)
  object space 86016K, 0% used [0x0000000082600000,0x0000000082655308,0x0000000087a00000)
 Metaspace       used 8885K, capacity 9020K, committed 9088K, reserved 1056768K
  class space    used 1059K, capacity 1112K, committed 1152K, reserved 1048576K
}
Event: 1.645 GC heap before
{Heap before GC invocations=2 (full 0):
 PSYoungGen      total 37888K, used 37857K [0x00000000d6200000, 0x00000000d8c00000, 0x0000000100000000)
  eden space 32768K, 100% used [0x00000000d6200000,0x00000000d8200000,0x00000000d8200000)
  from space 5120K, 99% used [0x00000000d8200000,0x00000000d86f8640,0x00000000d8700000)
  to   space 5120K, 0% used [0x00000000d8700000,0x00000000d8700000,0x00000000d8c00000)
 ParOldGen       total 86016K, used 340K [0x0000000082600000, 0x0000000087a00000, 0x00000000d6200000)
  object space 86016K, 0% used [0x0000000082600000,0x0000000082655308,0x0000000087a00000)
 Metaspace       used 11642K, capacity 11854K, committed 12032K, reserved 1060864K
  class space    used 1415K, capacity 1478K, committed 1536K, reserved 1048576K
Event: 1.650 GC heap after
Heap after GC invocations=2 (full 0):
 PSYoungGen      total 37888K, used 5093K [0x00000000d6200000, 0x00000000d8c00000, 0x0000000100000000)
  eden space 32768K, 0% used [0x00000000d6200000,0x00000000d6200000,0x00000000d8200000)
  from space 5120K, 99% used [0x00000000d8700000,0x00000000d8bf95c0,0x00000000d8c00000)
  to   space 5120K, 0% used [0x00000000d8200000,0x00000000d8200000,0x00000000d8700000)
 ParOldGen       total 86016K, used 2119K [0x0000000082600000, 0x0000000087a00000, 0x00000000d6200000)
  object space 86016K, 2% used [0x0000000082600000,0x0000000082811db0,0x0000000087a00000)
 Metaspace       used 11642K, capacity 11854K, committed 12032K, reserved 1060864K
  class space    used 1415K, capacity 1478K, committed 1536K, reserved 1048576K
}
Event: 1.718 GC heap before
{Heap before GC invocations=3 (full 0):
 PSYoungGen      total 37888K, used 11807K [0x00000000d6200000, 0x00000000d8c00000, 0x0000000100000000)
  eden space 32768K, 20% used [0x00000000d6200000,0x00000000d688e8f8,0x00000000d8200000)
  from space 5120K, 99% used [0x00000000d8700000,0x00000000d8bf95c0,0x00000000d8c00000)
  to   space 5120K, 0% used [0x00000000d8200000,0x00000000d8200000,0x00000000d8700000)
 ParOldGen       total 86016K, used 2119K [0x0000000082600000, 0x0000000087a00000, 0x00000000d6200000)
  object space 86016K, 2% used [0x0000000082600000,0x0000000082811db0,0x0000000087a00000)
 Metaspace       used 12312K, capacity 12472K, committed 12672K, reserved 1064960K
  class space    used 1500K, capacity 1575K, committed 1664K, reserved 1048576K
Event: 1.721 GC heap after
Heap after GC invocations=3 (full 0):
 PSYoungGen      total 37888K, used 4195K [0x00000000d6200000, 0x00000000d8c00000, 0x0000000100000000)
  eden space 32768K, 0% used [0x00000000d6200000,0x00000000d6200000,0x00000000d8200000)
  from space 5120K, 81% used [0x00000000d8200000,0x00000000d8618d38,0x00000000d8700000)
  to   space 5120K, 0% used [0x00000000d8700000,0x00000000d8700000,0x00000000d8c00000)
 ParOldGen       total 86016K, used 2127K [0x0000000082600000, 0x0000000087a00000, 0x00000000d6200000)
  object space 86016K, 2% used [0x0000000082600000,0x0000000082813db0,0x0000000087a00000)
 Metaspace       used 12312K, capacity 12472K, committed 12672K, reserved 1064960K
  class space    used 1500K, capacity 1575K, committed 1664K, reserved 1048576K
}
Event: 1.722 GC heap before
{Heap before GC invocations=4 (full 1):
 PSYoungGen      total 37888K, used 4195K [0x00000000d6200000, 0x00000000d8c00000, 0x0000000100000000)
  eden space 32768K, 0% used [0x00000000d6200000,0x00000000d6200000,0x00000000d8200000)
  from space 5120K, 81% used [0x00000000d8200000,0x00000000d8618d38,0x00000000d8700000)
  to   space 5120K, 0% used [0x00000000d8700000,0x00000000d8700000,0x00000000d8c00000)
 ParOldGen       total 86016K, used 2127K [0x0000000082600000, 0x0000000087a00000, 0x00000000d6200000)
  object space 86016K, 2% used [0x0000000082600000,0x0000000082813db0,0x0000000087a00000)
 Metaspace       used 12312K, capacity 12472K, committed 12672K, reserved 1064960K
  class space    used 1500K, capacity 1575K, committed 1664K, reserved 1048576K
Event: 1.738 GC heap after
Heap after GC invocations=4 (full 1):
 PSYoungGen      total 37888K, used 0K [0x00000000d6200000, 0x00000000d8c00000, 0x0000000100000000)
  eden space 32768K, 0% used [0x00000000d6200000,0x00000000d6200000,0x00000000d8200000)
  from space 5120K, 0% used [0x00000000d8200000,0x00000000d8200000,0x00000000d8700000)
  to   space 5120K, 0% used [0x00000000d8700000,0x00000000d8700000,0x00000000d8c00000)
 ParOldGen       total 50176K, used 4008K [0x0000000082600000, 0x0000000085700000, 0x00000000d6200000)
  object space 50176K, 7% used [0x0000000082600000,0x00000000829ea2d0,0x0000000085700000)
 Metaspace       used 12312K, capacity 12472K, committed 12672K, reserved 1062912K
  class space    used 1500K, capacity 1575K, committed 1664K, reserved 1048576K
}
Event: 2.384 GC heap before
{Heap before GC invocations=5 (full 1):
 PSYoungGen      total 37888K, used 32768K [0x00000000d6200000, 0x00000000d8c00000, 0x0000000100000000)
  eden space 32768K, 100% used [0x00000000d6200000,0x00000000d8200000,0x00000000d8200000)
  from space 5120K, 0% used [0x00000000d8200000,0x00000000d8200000,0x00000000d8700000)
  to   space 5120K, 0% used [0x00000000d8700000,0x00000000d8700000,0x00000000d8c00000)
 ParOldGen       total 50176K, used 4008K [0x0000000082600000, 0x0000000085700000, 0x00000000d6200000)
  object space 50176K, 7% used [0x0000000082600000,0x00000000829ea2d0,0x0000000085700000)
 Metaspace       used 15639K, capacity 15926K, committed 16128K, reserved 1064960K
  class space    used 1891K, capacity 2008K, committed 2048K, reserved 1048576K
Event: 2.388 GC heap after
Heap after GC invocations=5 (full 1):
 PSYoungGen      total 37888K, used 5000K [0x00000000d6200000, 0x00000000d8c00000, 0x0000000100000000)
  eden space 32768K, 0% used [0x00000000d6200000,0x00000000d6200000,0x00000000d8200000)
  from space 5120K, 97% used [0x00000000d8700000,0x00000000d8be2140,0x00000000d8c00000)
  to   space 5120K, 0% used [0x00000000d8200000,0x00000000d8200000,0x00000000d8700000)
 ParOldGen       total 50176K, used 4016K [0x0000000082600000, 0x0000000085700000, 0x00000000d6200000)
  object space 50176K, 8% used [0x0000000082600000,0x00000000829ec2d0,0x0000000085700000)
 Metaspace       used 15639K, capacity 15926K, committed 16128K, reserved 1064960K
  class space    used 1891K, capacity 2008K, committed 2048K, reserved 1048576K
}

